[*] Run ID 0: seed=0, split_index=0
    Starting now: 2024-07-12 07:47:37.616282
[*] Loaded dataset 'customDataset' from 'Custom':
  Data(x=[83919089, 7], edge_index=[2, 425518116], y=[83919089], set_type=[300], train_mask=[83919089], val_mask=[83919089], test_mask=[83919089])
  undirected: True
  num graphs: 300
  avg num_nodes/graph: 279730
  num node features: 7
  num edge features: 0
  num classes: (appears to be a regression task)
GraphGymModule(
  (model): CustomGNN(
    (encoder): FeatureEncoder(
      (edge_encoder): DummyEdgeEncoder(
        (encoder): Embedding(1, 40)
      )
    )
    (pre_mp): GeneralMultiLayer(
      (Layer_0): GeneralLayer(
        (layer): Linear(
          (model): Linear(7, 40, bias=False)
        )
        (post_layer): Sequential(
          (0): BatchNorm1d(40, eps=1e-05, momentum=0.1, affine=True, track_running_stats=True)
          (1): Dropout(p=0.1, inplace=False)
          (2): ReLU()
        )
      )
    )
    (gnn_layers): Sequential(
      (0): GatedGCNLayer()
      (1): GatedGCNLayer()
      (2): GatedGCNLayer()
      (3): GatedGCNLayer()
      (4): GatedGCNLayer()
    )
    (post_mp): GNNInductiveNodeHead(
      (layer_post_mp): MLP(
        (model): Sequential(
          (0): GeneralMultiLayer(
            (Layer_0): GeneralLayer(
              (layer): Linear(
                (model): Linear(40, 40, bias=True)
              )
              (post_layer): Sequential(
                (0): ReLU()
              )
            )
          )
          (1): Linear(
            (model): Linear(40, 1, bias=True)
          )
        )
      )
    )
  )
)
accelerator: cuda
benchmark: False
bn:
  eps: 1e-05
  mom: 0.1
cfg_dest: config.yaml
custom_metrics: []
dataset:
  cache_load: False
  cache_save: False
  dir: ./datasets
  edge_dim: 128
  edge_encoder: True
  edge_encoder_bn: False
  edge_encoder_name: DummyEdge
  edge_encoder_num_types: 0
  edge_message_ratio: 0.8
  edge_negative_sampling_ratio: 1.0
  edge_train_mode: all
  encoder: True
  encoder_bn: True
  encoder_dim: 128
  encoder_name: db
  format: Custom
  infer_link_label: None
  label_column: none
  label_table: none
  location: local
  name: customDataset
  node_encoder: False
  node_encoder_bn: True
  node_encoder_name: Atom
  node_encoder_num_types: 0
  remove_feature: False
  resample_disjoint: False
  resample_negative: False
  shuffle_split: True
  slic_compactness: 10
  split: [0.8, 0.1, 0.1]
  split_dir: ./splits
  split_index: 0
  split_mode: standard
  task: node
  task_type: regression
  to_undirected: False
  transductive: False
  transform: none
  tu_simple: True
devices: 1
example_arg: example
example_group:
  example_arg: example
gnn:
  act: relu
  agg: sum
  att_final_linear: False
  att_final_linear_bn: False
  att_heads: 1
  batchnorm: True
  clear_feature: True
  dim_inner: 40
  dropout: 0.1
  head: inductive_node
  keep_edge: 0.5
  l2norm: True
  layer_type: gatedgcnconv
  layers_mp: 5
  layers_post_mp: 2
  layers_pre_mp: 1
  msg_direction: single
  normalize_adj: False
  residual: True
  self_msg: concat
  skip_every: 1
  stage_type: stack
gpu_mem: False
graphormer:
  attention_dropout: 0.0
  dropout: 0.0
  embed_dim: 80
  input_dropout: 0.0
  mlp_dropout: 0.0
  num_heads: 4
  num_layers: 6
  use_graph_token: True
gt:
  attn_dropout: 0.0
  batch_norm: True
  bigbird:
    add_cross_attention: False
    attention_type: block_sparse
    block_size: 3
    chunk_size_feed_forward: 0
    hidden_act: relu
    is_decoder: False
    layer_norm_eps: 1e-06
    max_position_embeddings: 128
    num_random_blocks: 3
    use_bias: False
  dim_hidden: 64
  dropout: 0.0
  full_graph: True
  gamma: 1e-05
  layer_norm: False
  layer_type: SANLayer
  layers: 3
  n_heads: 8
  pna_degrees: []
  residual: True
mem:
  inplace: False
metric_agg: argmin
metric_best: mae
model:
  edge_decoding: dot
  emb_dim_category: 3
  emb_dim_operator_class: 3
  graph_pooling: add
  loss_fun: l1
  match_upper: True
  num_categories: 32
  num_operator_classes: 62
  size_average: mean
  thresh: 0.5
  type: custom_gnn
name_tag: 
num_threads: 6
num_workers: 0
optim:
  base_lr: 0.01
  batch_accumulation: 1
  clip_grad_norm: False
  clip_grad_norm_value: 1.0
  lr_decay: 0.1
  max_epoch: 50
  min_lr: 1e-05
  momentum: 0.9
  num_warmup_epochs: 50
  optimizer: adam
  reduce_factor: 0.5
  schedule_patience: 2
  scheduler: reduce_on_plateau
  steps: [30, 60, 90]
  weight_decay: 1e-06
out_dir: results/custom_simple_gatedgcn_regression
posenc_ElstaticSE:
  dim_pe: 16
  enable: False
  kernel:
    times: []
    times_func: range(10)
  layers: 3
  model: none
  n_heads: 4
  pass_as_var: False
  post_layers: 0
  raw_norm_type: none
posenc_EquivStableLapPE:
  eigen:
    eigvec_norm: L2
    laplacian_norm: sym
    max_freqs: 10
  enable: False
  raw_norm_type: none
posenc_GraphormerBias:
  dim_pe: 0
  enable: False
  node_degrees_only: False
  num_in_degrees: None
  num_out_degrees: None
  num_spatial_types: None
posenc_HKdiagSE:
  dim_pe: 16
  enable: False
  kernel:
    times: []
    times_func: 
  layers: 3
  model: none
  n_heads: 4
  pass_as_var: False
  post_layers: 0
  raw_norm_type: none
posenc_LapPE:
  dim_pe: 16
  eigen:
    eigvec_norm: L2
    laplacian_norm: sym
    max_freqs: 10
  enable: False
  layers: 3
  model: none
  n_heads: 4
  pass_as_var: False
  post_layers: 0
  raw_norm_type: none
posenc_RWSE:
  dim_pe: 16
  enable: False
  kernel:
    times: []
    times_func: 
  layers: 3
  model: none
  n_heads: 4
  pass_as_var: False
  post_layers: 0
  raw_norm_type: none
posenc_SignNet:
  dim_pe: 16
  eigen:
    eigvec_norm: L2
    laplacian_norm: sym
    max_freqs: 10
  enable: False
  layers: 3
  model: none
  n_heads: 4
  pass_as_var: False
  phi_hidden_dim: 64
  phi_out_dim: 4
  post_layers: 0
  raw_norm_type: none
pretrained:
  dir: 
  freeze_main: False
  reset_prediction_head: True
print: both
round: 5
run_dir: results/custom_simple_gatedgcn_regression/0
run_id: 0
run_multiple_splits: []
seed: 0
share:
  dim_in: 7
  dim_out: 1
  num_splits: 3
tensorboard_agg: True
tensorboard_each_run: False
train:
  auto_resume: False
  batch_size: 1
  ckpt_best: False
  ckpt_clean: True
  ckpt_period: 10
  enable_ckpt: True
  epoch_resume: -1
  eval_period: 1
  iter_per_epoch: 32
  mode: custom
  neighbor_sizes: [20, 15, 10, 5]
  node_per_graph: 32
  pkl_filepath: final_dataset.pkl
  radius: extend
  sample_node: False
  sampler: full_batch
  skip_train_eval: False
  walk_length: 4
val:
  node_per_graph: 32
  radius: extend
  sample_node: False
  sampler: full_batch
view_emb: False
wandb:
  entity: viedschi
  name: 
  project: Regression_Model_Regression
  use: True
Num parameters: 43881
Start from epoch 0
Key posenc_GraphormerBias.num_spatial_types with value <class 'NoneType'> is not a valid type; valid types: {<class 'float'>, <class 'bool'>, <class 'list'>, <class 'int'>, <class 'tuple'>, <class 'str'>}
Key posenc_GraphormerBias.num_in_degrees with value <class 'NoneType'> is not a valid type; valid types: {<class 'float'>, <class 'bool'>, <class 'list'>, <class 'int'>, <class 'tuple'>, <class 'str'>}
Key posenc_GraphormerBias.num_out_degrees with value <class 'NoneType'> is not a valid type; valid types: {<class 'float'>, <class 'bool'>, <class 'list'>, <class 'int'>, <class 'tuple'>, <class 'str'>}
train: {'epoch': 0, 'time_epoch': 34.11479, 'eta': 1671.62481, 'eta_hours': 0.46434, 'loss': 0.166868, 'lr': 0.01, 'params': 43881, 'time_iter': 0.14214, 'mae': 0.16687, 'r2': 0.17035, 'spearmanr': 0.54439, 'mse': 0.82965, 'rmse': 0.91085}
...computing epoch stats took: 0.76s
val: {'epoch': 0, 'time_epoch': 3.71011, 'loss': 0.1156615, 'lr': 0, 'params': 43881, 'time_iter': 0.12367, 'mae': 0.11566, 'r2': 0.3593, 'spearmanr': 0.71229, 'mse': 0.6271, 'rmse': 0.7919}
...computing epoch stats took: 0.07s
test: {'epoch': 0, 'time_epoch': 3.63907, 'loss': 0.11630533, 'lr': 0, 'params': 43881, 'time_iter': 0.1213, 'mae': 0.11631, 'r2': 0.34705, 'spearmanr': 0.71123, 'mse': 0.66912, 'rmse': 0.818}
...computing epoch stats took: 0.07s
> Epoch 0: took 42.5s (avg 42.5s) | Best so far: epoch 0	train_loss: 0.1669 train_mae: 0.1669	val_loss: 0.1157 val_mae: 0.1157	test_loss: 0.1163 test_mae: 0.1163
train: {'epoch': 1, 'time_epoch': 31.19113, 'eta': 1567.34203, 'eta_hours': 0.43537, 'loss': 0.1140948, 'lr': 0.01, 'params': 43881, 'time_iter': 0.12996, 'mae': 0.11409, 'r2': 0.41445, 'spearmanr': 0.7009, 'mse': 0.58555, 'rmse': 0.76521}
...computing epoch stats took: 0.76s
val: {'epoch': 1, 'time_epoch': 3.66994, 'loss': 0.09503809, 'lr': 0, 'params': 43881, 'time_iter': 0.12233, 'mae': 0.09504, 'r2': 0.48283, 'spearmanr': 0.80003, 'mse': 0.50619, 'rmse': 0.71147}
...computing epoch stats took: 0.07s
test: {'epoch': 1, 'time_epoch': 3.64363, 'loss': 0.09577534, 'lr': 0, 'params': 43881, 'time_iter': 0.12145, 'mae': 0.09578, 'r2': 0.47298, 'spearmanr': 0.80017, 'mse': 0.54008, 'rmse': 0.7349}
...computing epoch stats took: 0.07s
> Epoch 1: took 39.5s (avg 41.0s) | Best so far: epoch 1	train_loss: 0.1141 train_mae: 0.1141	val_loss: 0.0950 val_mae: 0.0950	test_loss: 0.0958 test_mae: 0.0958
train: {'epoch': 2, 'time_epoch': 31.32117, 'eta': 1513.82433, 'eta_hours': 0.42051, 'loss': 0.10190025, 'lr': 0.01, 'params': 43881, 'time_iter': 0.1305, 'mae': 0.1019, 'r2': 0.48359, 'spearmanr': 0.73152, 'mse': 0.51641, 'rmse': 0.71862}
...computing epoch stats took: 0.74s
val: {'epoch': 2, 'time_epoch': 3.65918, 'loss': 0.0849022, 'lr': 0, 'params': 43881, 'time_iter': 0.12197, 'mae': 0.0849, 'r2': 0.55401, 'spearmanr': 0.80188, 'mse': 0.43652, 'rmse': 0.6607}
...computing epoch stats took: 0.07s
test: {'epoch': 2, 'time_epoch': 3.65379, 'loss': 0.08598238, 'lr': 0, 'params': 43881, 'time_iter': 0.12179, 'mae': 0.08598, 'r2': 0.54136, 'spearmanr': 0.80098, 'mse': 0.47, 'rmse': 0.68556}
...computing epoch stats took: 0.07s
> Epoch 2: took 39.6s (avg 40.5s) | Best so far: epoch 2	train_loss: 0.1019 train_mae: 0.1019	val_loss: 0.0849 val_mae: 0.0849	test_loss: 0.0860 test_mae: 0.0860
train: {'epoch': 3, 'time_epoch': 31.21861, 'eta': 1470.22544, 'eta_hours': 0.4084, 'loss': 0.09708856, 'lr': 0.01, 'params': 43881, 'time_iter': 0.13008, 'mae': 0.09709, 'r2': 0.5291, 'spearmanr': 0.73798, 'mse': 0.4709, 'rmse': 0.68622}
val: {'epoch': 3, 'time_epoch': 3.68361, 'loss': 0.08093625, 'lr': 0, 'params': 43881, 'time_iter': 0.12279, 'mae': 0.08094, 'r2': 0.59, 'spearmanr': 0.82064, 'mse': 0.40129, 'rmse': 0.63348}
test: {'epoch': 3, 'time_epoch': 3.68841, 'loss': 0.08109566, 'lr': 0, 'params': 43881, 'time_iter': 0.12295, 'mae': 0.0811, 'r2': 0.58567, 'spearmanr': 0.82331, 'mse': 0.42459, 'rmse': 0.65161}
> Epoch 3: took 39.6s (avg 40.3s) | Best so far: epoch 3	train_loss: 0.0971 train_mae: 0.0971	val_loss: 0.0809 val_mae: 0.0809	test_loss: 0.0811 test_mae: 0.0811
train: {'epoch': 4, 'time_epoch': 31.21803, 'eta': 1431.57353, 'eta_hours': 0.39766, 'loss': 0.09251789, 'lr': 0.01, 'params': 43881, 'time_iter': 0.13008, 'mae': 0.09252, 'r2': 0.56884, 'spearmanr': 0.75425, 'mse': 0.43116, 'rmse': 0.65663}
val: {'epoch': 4, 'time_epoch': 3.70219, 'loss': 0.07951654, 'lr': 0, 'params': 43881, 'time_iter': 0.12341, 'mae': 0.07952, 'r2': 0.6244, 'spearmanr': 0.83046, 'mse': 0.36762, 'rmse': 0.60632}
test: {'epoch': 4, 'time_epoch': 3.7363, 'loss': 0.07947548, 'lr': 0, 'params': 43881, 'time_iter': 0.12454, 'mae': 0.07948, 'r2': 0.62091, 'spearmanr': 0.83032, 'mse': 0.38848, 'rmse': 0.62328}
> Epoch 4: took 39.6s (avg 40.2s) | Best so far: epoch 4	train_loss: 0.0925 train_mae: 0.0925	val_loss: 0.0795 val_mae: 0.0795	test_loss: 0.0795 test_mae: 0.0795
train: {'epoch': 5, 'time_epoch': 31.29611, 'eta': 1395.97213, 'eta_hours': 0.38777, 'loss': 0.08550879, 'lr': 0.01, 'params': 43881, 'time_iter': 0.1304, 'mae': 0.08551, 'r2': 0.60652, 'spearmanr': 0.78332, 'mse': 0.39348, 'rmse': 0.62728}
val: {'epoch': 5, 'time_epoch': 3.80348, 'loss': 0.08408343, 'lr': 0, 'params': 43881, 'time_iter': 0.12678, 'mae': 0.08408, 'r2': 0.64808, 'spearmanr': 0.82024, 'mse': 0.34444, 'rmse': 0.58689}
test: {'epoch': 5, 'time_epoch': 3.62735, 'loss': 0.08387096, 'lr': 0, 'params': 43881, 'time_iter': 0.12091, 'mae': 0.08387, 'r2': 0.6442, 'spearmanr': 0.8216, 'mse': 0.36462, 'rmse': 0.60384}
> Epoch 5: took 39.7s (avg 40.1s) | Best so far: epoch 4	train_loss: 0.0925 train_mae: 0.0925	val_loss: 0.0795 val_mae: 0.0795	test_loss: 0.0795 test_mae: 0.0795
train: {'epoch': 6, 'time_epoch': 31.25226, 'eta': 1361.33146, 'eta_hours': 0.37815, 'loss': 0.08263205, 'lr': 0.01, 'params': 43881, 'time_iter': 0.13022, 'mae': 0.08263, 'r2': 0.6338, 'spearmanr': 0.78321, 'mse': 0.3662, 'rmse': 0.60515}
val: {'epoch': 6, 'time_epoch': 3.72141, 'loss': 0.08049163, 'lr': 0, 'params': 43881, 'time_iter': 0.12405, 'mae': 0.08049, 'r2': 0.65257, 'spearmanr': 0.83263, 'mse': 0.34005, 'rmse': 0.58314}
test: {'epoch': 6, 'time_epoch': 3.62896, 'loss': 0.07983689, 'lr': 0, 'params': 43881, 'time_iter': 0.12097, 'mae': 0.07984, 'r2': 0.65657, 'spearmanr': 0.83335, 'mse': 0.35194, 'rmse': 0.59324}
> Epoch 6: took 39.6s (avg 40.0s) | Best so far: epoch 4	train_loss: 0.0925 train_mae: 0.0925	val_loss: 0.0795 val_mae: 0.0795	test_loss: 0.0795 test_mae: 0.0795
train: {'epoch': 7, 'time_epoch': 31.22324, 'eta': 1327.38554, 'eta_hours': 0.36872, 'loss': 0.08137643, 'lr': 0.01, 'params': 43881, 'time_iter': 0.1301, 'mae': 0.08138, 'r2': 0.64722, 'spearmanr': 0.78317, 'mse': 0.35278, 'rmse': 0.59395}
val: {'epoch': 7, 'time_epoch': 3.63197, 'loss': 0.0717796, 'lr': 0, 'params': 43881, 'time_iter': 0.12107, 'mae': 0.07178, 'r2': 0.67403, 'spearmanr': 0.82366, 'mse': 0.31905, 'rmse': 0.56484}
test: {'epoch': 7, 'time_epoch': 3.6217, 'loss': 0.07151355, 'lr': 0, 'params': 43881, 'time_iter': 0.12072, 'mae': 0.07151, 'r2': 0.67995, 'spearmanr': 0.82352, 'mse': 0.32798, 'rmse': 0.5727}
> Epoch 7: took 39.4s (avg 39.9s) | Best so far: epoch 7	train_loss: 0.0814 train_mae: 0.0814	val_loss: 0.0718 val_mae: 0.0718	test_loss: 0.0715 test_mae: 0.0715
train: {'epoch': 8, 'time_epoch': 31.24304, 'eta': 1294.13483, 'eta_hours': 0.35948, 'loss': 0.07721137, 'lr': 0.01, 'params': 43881, 'time_iter': 0.13018, 'mae': 0.07721, 'r2': 0.6817, 'spearmanr': 0.79131, 'mse': 0.3183, 'rmse': 0.56418}
val: {'epoch': 8, 'time_epoch': 3.65787, 'loss': 0.07255464, 'lr': 0, 'params': 43881, 'time_iter': 0.12193, 'mae': 0.07255, 'r2': 0.74566, 'spearmanr': 0.84725, 'mse': 0.24894, 'rmse': 0.49894}
test: {'epoch': 8, 'time_epoch': 3.76947, 'loss': 0.07221421, 'lr': 0, 'params': 43881, 'time_iter': 0.12565, 'mae': 0.07221, 'r2': 0.74702, 'spearmanr': 0.84695, 'mse': 0.25925, 'rmse': 0.50916}
> Epoch 8: took 39.6s (avg 39.9s) | Best so far: epoch 7	train_loss: 0.0814 train_mae: 0.0814	val_loss: 0.0718 val_mae: 0.0718	test_loss: 0.0715 test_mae: 0.0715
train: {'epoch': 9, 'time_epoch': 31.1442, 'eta': 1260.8903, 'eta_hours': 0.35025, 'loss': 0.07588757, 'lr': 0.01, 'params': 43881, 'time_iter': 0.12977, 'mae': 0.07589, 'r2': 0.69948, 'spearmanr': 0.79126, 'mse': 0.30052, 'rmse': 0.54819}
val: {'epoch': 9, 'time_epoch': 3.7013, 'loss': 0.06666953, 'lr': 0, 'params': 43881, 'time_iter': 0.12338, 'mae': 0.06667, 'r2': 0.72911, 'spearmanr': 0.83175, 'mse': 0.26513, 'rmse': 0.51491}
test: {'epoch': 9, 'time_epoch': 3.62676, 'loss': 0.0661383, 'lr': 0, 'params': 43881, 'time_iter': 0.12089, 'mae': 0.06614, 'r2': 0.72816, 'spearmanr': 0.83131, 'mse': 0.27857, 'rmse': 0.5278}
> Epoch 9: took 39.4s (avg 39.9s) | Best so far: epoch 9	train_loss: 0.0759 train_mae: 0.0759	val_loss: 0.0667 val_mae: 0.0667	test_loss: 0.0661 test_mae: 0.0661
train: {'epoch': 10, 'time_epoch': 31.18, 'eta': 1228.1546, 'eta_hours': 0.34115, 'loss': 0.07776491, 'lr': 0.01, 'params': 43881, 'time_iter': 0.12992, 'mae': 0.07776, 'r2': 0.70586, 'spearmanr': 0.7824, 'mse': 0.29414, 'rmse': 0.54235}
val: {'epoch': 10, 'time_epoch': 3.72162, 'loss': 0.0704718, 'lr': 0, 'params': 43881, 'time_iter': 0.12405, 'mae': 0.07047, 'r2': 0.7415, 'spearmanr': 0.82793, 'mse': 0.25301, 'rmse': 0.503}
test: {'epoch': 10, 'time_epoch': 3.59428, 'loss': 0.06965245, 'lr': 0, 'params': 43881, 'time_iter': 0.11981, 'mae': 0.06965, 'r2': 0.7511, 'spearmanr': 0.82808, 'mse': 0.25507, 'rmse': 0.50504}
> Epoch 10: took 39.4s (avg 39.8s) | Best so far: epoch 9	train_loss: 0.0759 train_mae: 0.0759	val_loss: 0.0667 val_mae: 0.0667	test_loss: 0.0661 test_mae: 0.0661
train: {'epoch': 11, 'time_epoch': 31.0304, 'eta': 1195.20443, 'eta_hours': 0.332, 'loss': 0.07513211, 'lr': 0.01, 'params': 43881, 'time_iter': 0.12929, 'mae': 0.07513, 'r2': 0.72907, 'spearmanr': 0.78261, 'mse': 0.27093, 'rmse': 0.52051}
val: {'epoch': 11, 'time_epoch': 3.62583, 'loss': 0.06594929, 'lr': 0, 'params': 43881, 'time_iter': 0.12086, 'mae': 0.06595, 'r2': 0.7697, 'spearmanr': 0.84169, 'mse': 0.22541, 'rmse': 0.47478}
test: {'epoch': 11, 'time_epoch': 3.60408, 'loss': 0.06436854, 'lr': 0, 'params': 43881, 'time_iter': 0.12014, 'mae': 0.06437, 'r2': 0.78743, 'spearmanr': 0.84102, 'mse': 0.21783, 'rmse': 0.46672}
> Epoch 11: took 39.2s (avg 39.8s) | Best so far: epoch 11	train_loss: 0.0751 train_mae: 0.0751	val_loss: 0.0659 val_mae: 0.0659	test_loss: 0.0644 test_mae: 0.0644
train: {'epoch': 12, 'time_epoch': 31.07009, 'eta': 1162.66258, 'eta_hours': 0.32296, 'loss': 0.07142201, 'lr': 0.01, 'params': 43881, 'time_iter': 0.12946, 'mae': 0.07142, 'r2': 0.74654, 'spearmanr': 0.79341, 'mse': 0.25346, 'rmse': 0.50345}
val: {'epoch': 12, 'time_epoch': 3.58981, 'loss': 0.06402243, 'lr': 0, 'params': 43881, 'time_iter': 0.11966, 'mae': 0.06402, 'r2': 0.77105, 'spearmanr': 0.83594, 'mse': 0.22409, 'rmse': 0.47338}
test: {'epoch': 12, 'time_epoch': 3.55762, 'loss': 0.06321271, 'lr': 0, 'params': 43881, 'time_iter': 0.11859, 'mae': 0.06321, 'r2': 0.7786, 'spearmanr': 0.83555, 'mse': 0.22689, 'rmse': 0.47632}
> Epoch 12: took 39.2s (avg 39.7s) | Best so far: epoch 12	train_loss: 0.0714 train_mae: 0.0714	val_loss: 0.0640 val_mae: 0.0640	test_loss: 0.0632 test_mae: 0.0632
train: {'epoch': 13, 'time_epoch': 31.09618, 'eta': 1130.39806, 'eta_hours': 0.314, 'loss': 0.06894045, 'lr': 0.01, 'params': 43881, 'time_iter': 0.12957, 'mae': 0.06894, 'r2': 0.76272, 'spearmanr': 0.79517, 'mse': 0.23728, 'rmse': 0.48712}
val: {'epoch': 13, 'time_epoch': 3.56732, 'loss': 0.05836664, 'lr': 0, 'params': 43881, 'time_iter': 0.11891, 'mae': 0.05837, 'r2': 0.80348, 'spearmanr': 0.84413, 'mse': 0.19234, 'rmse': 0.43857}
test: {'epoch': 13, 'time_epoch': 3.81216, 'loss': 0.05692367, 'lr': 0, 'params': 43881, 'time_iter': 0.12707, 'mae': 0.05692, 'r2': 0.81587, 'spearmanr': 0.84471, 'mse': 0.18869, 'rmse': 0.43438}
> Epoch 13: took 39.4s (avg 39.7s) | Best so far: epoch 13	train_loss: 0.0689 train_mae: 0.0689	val_loss: 0.0584 val_mae: 0.0584	test_loss: 0.0569 test_mae: 0.0569
train: {'epoch': 14, 'time_epoch': 31.16773, 'eta': 1098.45627, 'eta_hours': 0.30513, 'loss': 0.06753136, 'lr': 0.01, 'params': 43881, 'time_iter': 0.12987, 'mae': 0.06753, 'r2': 0.77223, 'spearmanr': 0.79807, 'mse': 0.22777, 'rmse': 0.47725}
val: {'epoch': 14, 'time_epoch': 3.68228, 'loss': 0.06000717, 'lr': 0, 'params': 43881, 'time_iter': 0.12274, 'mae': 0.06001, 'r2': 0.80692, 'spearmanr': 0.84076, 'mse': 0.18898, 'rmse': 0.43472}
test: {'epoch': 14, 'time_epoch': 3.66303, 'loss': 0.05950224, 'lr': 0, 'params': 43881, 'time_iter': 0.1221, 'mae': 0.0595, 'r2': 0.80887, 'spearmanr': 0.83996, 'mse': 0.19586, 'rmse': 0.44256}
> Epoch 14: took 39.5s (avg 39.7s) | Best so far: epoch 13	train_loss: 0.0689 train_mae: 0.0689	val_loss: 0.0584 val_mae: 0.0584	test_loss: 0.0569 test_mae: 0.0569
train: {'epoch': 15, 'time_epoch': 31.12683, 'eta': 1066.52432, 'eta_hours': 0.29626, 'loss': 0.07151125, 'lr': 0.01, 'params': 43881, 'time_iter': 0.1297, 'mae': 0.07151, 'r2': 0.74625, 'spearmanr': 0.78214, 'mse': 0.25375, 'rmse': 0.50374}
val: {'epoch': 15, 'time_epoch': 3.7576, 'loss': 0.05808884, 'lr': 0, 'params': 43881, 'time_iter': 0.12525, 'mae': 0.05809, 'r2': 0.7889, 'spearmanr': 0.84159, 'mse': 0.20661, 'rmse': 0.45455}
test: {'epoch': 15, 'time_epoch': 3.59056, 'loss': 0.05709067, 'lr': 0, 'params': 43881, 'time_iter': 0.11969, 'mae': 0.05709, 'r2': 0.79296, 'spearmanr': 0.84129, 'mse': 0.21217, 'rmse': 0.46061}
> Epoch 15: took 39.4s (avg 39.7s) | Best so far: epoch 15	train_loss: 0.0715 train_mae: 0.0715	val_loss: 0.0581 val_mae: 0.0581	test_loss: 0.0571 test_mae: 0.0571
train: {'epoch': 16, 'time_epoch': 31.05926, 'eta': 1034.55594, 'eta_hours': 0.28738, 'loss': 0.0700826, 'lr': 0.01, 'params': 43881, 'time_iter': 0.12941, 'mae': 0.07008, 'r2': 0.76268, 'spearmanr': 0.78168, 'mse': 0.23732, 'rmse': 0.48716}
val: {'epoch': 16, 'time_epoch': 3.61807, 'loss': 0.06094095, 'lr': 0, 'params': 43881, 'time_iter': 0.1206, 'mae': 0.06094, 'r2': 0.80599, 'spearmanr': 0.80971, 'mse': 0.18989, 'rmse': 0.43576}
test: {'epoch': 16, 'time_epoch': 3.60673, 'loss': 0.05877109, 'lr': 0, 'params': 43881, 'time_iter': 0.12022, 'mae': 0.05877, 'r2': 0.82098, 'spearmanr': 0.81009, 'mse': 0.18346, 'rmse': 0.42832}
> Epoch 16: took 39.3s (avg 39.6s) | Best so far: epoch 15	train_loss: 0.0715 train_mae: 0.0715	val_loss: 0.0581 val_mae: 0.0581	test_loss: 0.0571 test_mae: 0.0571
train: {'epoch': 17, 'time_epoch': 31.18347, 'eta': 1002.90939, 'eta_hours': 0.27859, 'loss': 0.07334114, 'lr': 0.01, 'params': 43881, 'time_iter': 0.12993, 'mae': 0.07334, 'r2': 0.75288, 'spearmanr': 0.76665, 'mse': 0.24712, 'rmse': 0.49712}
val: {'epoch': 17, 'time_epoch': 3.63251, 'loss': 0.06091814, 'lr': 0, 'params': 43881, 'time_iter': 0.12108, 'mae': 0.06092, 'r2': 0.79306, 'spearmanr': 0.8313, 'mse': 0.20254, 'rmse': 0.45005}
test: {'epoch': 17, 'time_epoch': 3.59367, 'loss': 0.05907374, 'lr': 0, 'params': 43881, 'time_iter': 0.11979, 'mae': 0.05907, 'r2': 0.80959, 'spearmanr': 0.83081, 'mse': 0.19513, 'rmse': 0.44173}
> Epoch 17: took 39.4s (avg 39.6s) | Best so far: epoch 15	train_loss: 0.0715 train_mae: 0.0715	val_loss: 0.0581 val_mae: 0.0581	test_loss: 0.0571 test_mae: 0.0571
train: {'epoch': 18, 'time_epoch': 31.13894, 'eta': 971.23893, 'eta_hours': 0.26979, 'loss': 0.06368448, 'lr': 0.01, 'params': 43881, 'time_iter': 0.12975, 'mae': 0.06368, 'r2': 0.78498, 'spearmanr': 0.80184, 'mse': 0.21502, 'rmse': 0.46371}
val: {'epoch': 18, 'time_epoch': 3.61006, 'loss': 0.06531001, 'lr': 0, 'params': 43881, 'time_iter': 0.12034, 'mae': 0.06531, 'r2': 0.82044, 'spearmanr': 0.83502, 'mse': 0.17574, 'rmse': 0.41922}
test: {'epoch': 18, 'time_epoch': 3.66506, 'loss': 0.06297857, 'lr': 0, 'params': 43881, 'time_iter': 0.12217, 'mae': 0.06298, 'r2': 0.83918, 'spearmanr': 0.8363, 'mse': 0.1648, 'rmse': 0.40596}
> Epoch 18: took 39.4s (avg 39.6s) | Best so far: epoch 15	train_loss: 0.0715 train_mae: 0.0715	val_loss: 0.0581 val_mae: 0.0581	test_loss: 0.0571 test_mae: 0.0571
train: {'epoch': 19, 'time_epoch': 31.20851, 'eta': 939.72597, 'eta_hours': 0.26103, 'loss': 0.05813035, 'lr': 0.005, 'params': 43881, 'time_iter': 0.13004, 'mae': 0.05813, 'r2': 0.79684, 'spearmanr': 0.82165, 'mse': 0.20316, 'rmse': 0.45073}
val: {'epoch': 19, 'time_epoch': 3.89685, 'loss': 0.05395366, 'lr': 0, 'params': 43881, 'time_iter': 0.12989, 'mae': 0.05395, 'r2': 0.82677, 'spearmanr': 0.8574, 'mse': 0.16955, 'rmse': 0.41177}
test: {'epoch': 19, 'time_epoch': 3.67153, 'loss': 0.05166157, 'lr': 0, 'params': 43881, 'time_iter': 0.12238, 'mae': 0.05166, 'r2': 0.84759, 'spearmanr': 0.85784, 'mse': 0.15618, 'rmse': 0.3952}
> Epoch 19: took 39.8s (avg 39.6s) | Best so far: epoch 19	train_loss: 0.0581 train_mae: 0.0581	val_loss: 0.0540 val_mae: 0.0539	test_loss: 0.0517 test_mae: 0.0517
train: {'epoch': 20, 'time_epoch': 31.13409, 'eta': 908.13923, 'eta_hours': 0.25226, 'loss': 0.05690463, 'lr': 0.005, 'params': 43881, 'time_iter': 0.12973, 'mae': 0.0569, 'r2': 0.80533, 'spearmanr': 0.82341, 'mse': 0.19467, 'rmse': 0.44122}
val: {'epoch': 20, 'time_epoch': 3.6938, 'loss': 0.0526175, 'lr': 0, 'params': 43881, 'time_iter': 0.12313, 'mae': 0.05262, 'r2': 0.82901, 'spearmanr': 0.85876, 'mse': 0.16736, 'rmse': 0.4091}
test: {'epoch': 20, 'time_epoch': 3.58818, 'loss': 0.05083185, 'lr': 0, 'params': 43881, 'time_iter': 0.11961, 'mae': 0.05083, 'r2': 0.84409, 'spearmanr': 0.85832, 'mse': 0.15977, 'rmse': 0.39972}
> Epoch 20: took 39.4s (avg 39.6s) | Best so far: epoch 20	train_loss: 0.0569 train_mae: 0.0569	val_loss: 0.0526 val_mae: 0.0526	test_loss: 0.0508 test_mae: 0.0508
train: {'epoch': 21, 'time_epoch': 31.17156, 'eta': 876.64135, 'eta_hours': 0.24351, 'loss': 0.0568271, 'lr': 0.005, 'params': 43881, 'time_iter': 0.12988, 'mae': 0.05683, 'r2': 0.80115, 'spearmanr': 0.82485, 'mse': 0.19885, 'rmse': 0.44593}
val: {'epoch': 21, 'time_epoch': 3.6336, 'loss': 0.05506688, 'lr': 0, 'params': 43881, 'time_iter': 0.12112, 'mae': 0.05507, 'r2': 0.82673, 'spearmanr': 0.85771, 'mse': 0.1696, 'rmse': 0.41182}
test: {'epoch': 21, 'time_epoch': 3.60473, 'loss': 0.05261489, 'lr': 0, 'params': 43881, 'time_iter': 0.12016, 'mae': 0.05261, 'r2': 0.84741, 'spearmanr': 0.85779, 'mse': 0.15637, 'rmse': 0.39544}
> Epoch 21: took 39.4s (avg 39.6s) | Best so far: epoch 20	train_loss: 0.0569 train_mae: 0.0569	val_loss: 0.0526 val_mae: 0.0526	test_loss: 0.0508 test_mae: 0.0508
train: {'epoch': 22, 'time_epoch': 31.25765, 'eta': 845.2729, 'eta_hours': 0.2348, 'loss': 0.05666223, 'lr': 0.005, 'params': 43881, 'time_iter': 0.13024, 'mae': 0.05666, 'r2': 0.8067, 'spearmanr': 0.82378, 'mse': 0.1933, 'rmse': 0.43966}
val: {'epoch': 22, 'time_epoch': 3.6474, 'loss': 0.05686169, 'lr': 0, 'params': 43881, 'time_iter': 0.12158, 'mae': 0.05686, 'r2': 0.79991, 'spearmanr': 0.85969, 'mse': 0.19584, 'rmse': 0.44254}
test: {'epoch': 22, 'time_epoch': 3.6471, 'loss': 0.05491276, 'lr': 0, 'params': 43881, 'time_iter': 0.12157, 'mae': 0.05491, 'r2': 0.81409, 'spearmanr': 0.85992, 'mse': 0.19051, 'rmse': 0.43648}
> Epoch 22: took 39.5s (avg 39.6s) | Best so far: epoch 20	train_loss: 0.0569 train_mae: 0.0569	val_loss: 0.0526 val_mae: 0.0526	test_loss: 0.0508 test_mae: 0.0508
train: {'epoch': 23, 'time_epoch': 31.04291, 'eta': 813.68105, 'eta_hours': 0.22602, 'loss': 0.05628997, 'lr': 0.005, 'params': 43881, 'time_iter': 0.12935, 'mae': 0.05629, 'r2': 0.80836, 'spearmanr': 0.82532, 'mse': 0.19164, 'rmse': 0.43776}
val: {'epoch': 23, 'time_epoch': 3.67344, 'loss': 0.05539569, 'lr': 0, 'params': 43881, 'time_iter': 0.12245, 'mae': 0.0554, 'r2': 0.83664, 'spearmanr': 0.86116, 'mse': 0.15989, 'rmse': 0.39986}
test: {'epoch': 23, 'time_epoch': 3.61919, 'loss': 0.05352632, 'lr': 0, 'params': 43881, 'time_iter': 0.12064, 'mae': 0.05353, 'r2': 0.84999, 'spearmanr': 0.86052, 'mse': 0.15372, 'rmse': 0.39208}
> Epoch 23: took 39.3s (avg 39.6s) | Best so far: epoch 20	train_loss: 0.0569 train_mae: 0.0569	val_loss: 0.0526 val_mae: 0.0526	test_loss: 0.0508 test_mae: 0.0508
train: {'epoch': 24, 'time_epoch': 31.06928, 'eta': 782.15948, 'eta_hours': 0.21727, 'loss': 0.05382381, 'lr': 0.0025, 'params': 43881, 'time_iter': 0.12946, 'mae': 0.05382, 'r2': 0.81503, 'spearmanr': 0.8298, 'mse': 0.18497, 'rmse': 0.43008}
val: {'epoch': 24, 'time_epoch': 3.58665, 'loss': 0.05110794, 'lr': 0, 'params': 43881, 'time_iter': 0.11956, 'mae': 0.05111, 'r2': 0.84011, 'spearmanr': 0.86288, 'mse': 0.1565, 'rmse': 0.3956}
test: {'epoch': 24, 'time_epoch': 3.68488, 'loss': 0.04923603, 'lr': 0, 'params': 43881, 'time_iter': 0.12283, 'mae': 0.04924, 'r2': 0.85144, 'spearmanr': 0.86418, 'mse': 0.15224, 'rmse': 0.39018}
> Epoch 24: took 39.4s (avg 39.6s) | Best so far: epoch 24	train_loss: 0.0538 train_mae: 0.0538	val_loss: 0.0511 val_mae: 0.0511	test_loss: 0.0492 test_mae: 0.0492
train: {'epoch': 25, 'time_epoch': 31.13099, 'eta': 750.72966, 'eta_hours': 0.20854, 'loss': 0.05314475, 'lr': 0.0025, 'params': 43881, 'time_iter': 0.12971, 'mae': 0.05314, 'r2': 0.81571, 'spearmanr': 0.83371, 'mse': 0.18429, 'rmse': 0.4293}
val: {'epoch': 25, 'time_epoch': 3.74575, 'loss': 0.04986674, 'lr': 0, 'params': 43881, 'time_iter': 0.12486, 'mae': 0.04987, 'r2': 0.84338, 'spearmanr': 0.86698, 'mse': 0.15329, 'rmse': 0.39153}
test: {'epoch': 25, 'time_epoch': 3.61535, 'loss': 0.04832863, 'lr': 0, 'params': 43881, 'time_iter': 0.12051, 'mae': 0.04833, 'r2': 0.85389, 'spearmanr': 0.86714, 'mse': 0.14973, 'rmse': 0.38695}
> Epoch 25: took 39.4s (avg 39.6s) | Best so far: epoch 25	train_loss: 0.0531 train_mae: 0.0531	val_loss: 0.0499 val_mae: 0.0499	test_loss: 0.0483 test_mae: 0.0483
train: {'epoch': 26, 'time_epoch': 31.03681, 'eta': 719.24176, 'eta_hours': 0.19979, 'loss': 0.05237481, 'lr': 0.0025, 'params': 43881, 'time_iter': 0.12932, 'mae': 0.05237, 'r2': 0.81971, 'spearmanr': 0.83577, 'mse': 0.18029, 'rmse': 0.4246}
val: {'epoch': 26, 'time_epoch': 3.63676, 'loss': 0.05163259, 'lr': 0, 'params': 43881, 'time_iter': 0.12123, 'mae': 0.05163, 'r2': 0.83614, 'spearmanr': 0.8646, 'mse': 0.16038, 'rmse': 0.40048}
test: {'epoch': 26, 'time_epoch': 3.58275, 'loss': 0.04973773, 'lr': 0, 'params': 43881, 'time_iter': 0.11942, 'mae': 0.04974, 'r2': 0.85262, 'spearmanr': 0.86562, 'mse': 0.15103, 'rmse': 0.38862}
> Epoch 26: took 39.2s (avg 39.6s) | Best so far: epoch 25	train_loss: 0.0531 train_mae: 0.0531	val_loss: 0.0499 val_mae: 0.0499	test_loss: 0.0483 test_mae: 0.0483
train: {'epoch': 27, 'time_epoch': 31.11841, 'eta': 687.85018, 'eta_hours': 0.19107, 'loss': 0.05213887, 'lr': 0.0025, 'params': 43881, 'time_iter': 0.12966, 'mae': 0.05214, 'r2': 0.81848, 'spearmanr': 0.83634, 'mse': 0.18152, 'rmse': 0.42605}
val: {'epoch': 27, 'time_epoch': 3.65485, 'loss': 0.04783655, 'lr': 0, 'params': 43881, 'time_iter': 0.12183, 'mae': 0.04784, 'r2': 0.83611, 'spearmanr': 0.86609, 'mse': 0.16041, 'rmse': 0.40051}
test: {'epoch': 27, 'time_epoch': 3.57989, 'loss': 0.04602346, 'lr': 0, 'params': 43881, 'time_iter': 0.11933, 'mae': 0.04602, 'r2': 0.85294, 'spearmanr': 0.86595, 'mse': 0.1507, 'rmse': 0.3882}
> Epoch 27: took 39.3s (avg 39.5s) | Best so far: epoch 27	train_loss: 0.0521 train_mae: 0.0521	val_loss: 0.0478 val_mae: 0.0478	test_loss: 0.0460 test_mae: 0.0460
train: {'epoch': 28, 'time_epoch': 31.1493, 'eta': 656.49982, 'eta_hours': 0.18236, 'loss': 0.05229203, 'lr': 0.0025, 'params': 43881, 'time_iter': 0.12979, 'mae': 0.05229, 'r2': 0.81649, 'spearmanr': 0.83567, 'mse': 0.18351, 'rmse': 0.42838}
val: {'epoch': 28, 'time_epoch': 3.63368, 'loss': 0.04848147, 'lr': 0, 'params': 43881, 'time_iter': 0.12112, 'mae': 0.04848, 'r2': 0.83109, 'spearmanr': 0.86816, 'mse': 0.16532, 'rmse': 0.4066}
test: {'epoch': 28, 'time_epoch': 3.60039, 'loss': 0.04675236, 'lr': 0, 'params': 43881, 'time_iter': 0.12001, 'mae': 0.04675, 'r2': 0.84287, 'spearmanr': 0.86888, 'mse': 0.16102, 'rmse': 0.40128}
> Epoch 28: took 39.4s (avg 39.5s) | Best so far: epoch 27	train_loss: 0.0521 train_mae: 0.0521	val_loss: 0.0478 val_mae: 0.0478	test_loss: 0.0460 test_mae: 0.0460
train: {'epoch': 29, 'time_epoch': 31.17328, 'eta': 625.17885, 'eta_hours': 0.17366, 'loss': 0.05297755, 'lr': 0.0025, 'params': 43881, 'time_iter': 0.12989, 'mae': 0.05298, 'r2': 0.81347, 'spearmanr': 0.83248, 'mse': 0.18653, 'rmse': 0.4319}
val: {'epoch': 29, 'time_epoch': 3.62615, 'loss': 0.05611866, 'lr': 0, 'params': 43881, 'time_iter': 0.12087, 'mae': 0.05612, 'r2': 0.84244, 'spearmanr': 0.86259, 'mse': 0.15421, 'rmse': 0.3927}
test: {'epoch': 29, 'time_epoch': 3.7775, 'loss': 0.05447881, 'lr': 0, 'params': 43881, 'time_iter': 0.12592, 'mae': 0.05448, 'r2': 0.85132, 'spearmanr': 0.86251, 'mse': 0.15236, 'rmse': 0.39033}
> Epoch 29: took 39.5s (avg 39.5s) | Best so far: epoch 27	train_loss: 0.0521 train_mae: 0.0521	val_loss: 0.0478 val_mae: 0.0478	test_loss: 0.0460 test_mae: 0.0460
train: {'epoch': 30, 'time_epoch': 31.11506, 'eta': 593.83171, 'eta_hours': 0.16495, 'loss': 0.0523357, 'lr': 0.0025, 'params': 43881, 'time_iter': 0.12965, 'mae': 0.05234, 'r2': 0.81745, 'spearmanr': 0.83551, 'mse': 0.18255, 'rmse': 0.42725}
val: {'epoch': 30, 'time_epoch': 3.69853, 'loss': 0.0475931, 'lr': 0, 'params': 43881, 'time_iter': 0.12328, 'mae': 0.04759, 'r2': 0.84101, 'spearmanr': 0.86761, 'mse': 0.15561, 'rmse': 0.39448}
test: {'epoch': 30, 'time_epoch': 3.62384, 'loss': 0.04599109, 'lr': 0, 'params': 43881, 'time_iter': 0.12079, 'mae': 0.04599, 'r2': 0.85206, 'spearmanr': 0.86699, 'mse': 0.1516, 'rmse': 0.38936}
> Epoch 30: took 39.4s (avg 39.5s) | Best so far: epoch 30	train_loss: 0.0523 train_mae: 0.0523	val_loss: 0.0476 val_mae: 0.0476	test_loss: 0.0460 test_mae: 0.0460
train: {'epoch': 31, 'time_epoch': 31.18033, 'eta': 562.53581, 'eta_hours': 0.15626, 'loss': 0.05178509, 'lr': 0.0025, 'params': 43881, 'time_iter': 0.12992, 'mae': 0.05179, 'r2': 0.81764, 'spearmanr': 0.83731, 'mse': 0.18236, 'rmse': 0.42704}
val: {'epoch': 31, 'time_epoch': 3.73614, 'loss': 0.04919513, 'lr': 0, 'params': 43881, 'time_iter': 0.12454, 'mae': 0.0492, 'r2': 0.83008, 'spearmanr': 0.86953, 'mse': 0.16631, 'rmse': 0.40781}
test: {'epoch': 31, 'time_epoch': 3.59678, 'loss': 0.04761193, 'lr': 0, 'params': 43881, 'time_iter': 0.11989, 'mae': 0.04761, 'r2': 0.84258, 'spearmanr': 0.86952, 'mse': 0.16132, 'rmse': 0.40164}
> Epoch 31: took 39.5s (avg 39.5s) | Best so far: epoch 30	train_loss: 0.0523 train_mae: 0.0523	val_loss: 0.0476 val_mae: 0.0476	test_loss: 0.0460 test_mae: 0.0460
train: {'epoch': 32, 'time_epoch': 31.15885, 'eta': 531.23584, 'eta_hours': 0.14757, 'loss': 0.05137706, 'lr': 0.0025, 'params': 43881, 'time_iter': 0.12983, 'mae': 0.05138, 'r2': 0.81786, 'spearmanr': 0.83808, 'mse': 0.18214, 'rmse': 0.42677}
val: {'epoch': 32, 'time_epoch': 3.61195, 'loss': 0.0486782, 'lr': 0, 'params': 43881, 'time_iter': 0.1204, 'mae': 0.04868, 'r2': 0.83552, 'spearmanr': 0.86946, 'mse': 0.16099, 'rmse': 0.40123}
test: {'epoch': 32, 'time_epoch': 3.5725, 'loss': 0.04699714, 'lr': 0, 'params': 43881, 'time_iter': 0.11908, 'mae': 0.047, 'r2': 0.85012, 'spearmanr': 0.86988, 'mse': 0.15359, 'rmse': 0.39191}
> Epoch 32: took 39.3s (avg 39.5s) | Best so far: epoch 30	train_loss: 0.0523 train_mae: 0.0523	val_loss: 0.0476 val_mae: 0.0476	test_loss: 0.0460 test_mae: 0.0460
train: {'epoch': 33, 'time_epoch': 31.13414, 'eta': 499.93254, 'eta_hours': 0.13887, 'loss': 0.05129947, 'lr': 0.0025, 'params': 43881, 'time_iter': 0.12973, 'mae': 0.0513, 'r2': 0.82009, 'spearmanr': 0.83784, 'mse': 0.17991, 'rmse': 0.42416}
val: {'epoch': 33, 'time_epoch': 3.63383, 'loss': 0.05159036, 'lr': 0, 'params': 43881, 'time_iter': 0.12113, 'mae': 0.05159, 'r2': 0.84047, 'spearmanr': 0.8668, 'mse': 0.15614, 'rmse': 0.39514}
test: {'epoch': 33, 'time_epoch': 3.65002, 'loss': 0.04981914, 'lr': 0, 'params': 43881, 'time_iter': 0.12167, 'mae': 0.04982, 'r2': 0.85292, 'spearmanr': 0.86707, 'mse': 0.15072, 'rmse': 0.38823}
> Epoch 33: took 39.4s (avg 39.5s) | Best so far: epoch 30	train_loss: 0.0523 train_mae: 0.0523	val_loss: 0.0476 val_mae: 0.0476	test_loss: 0.0460 test_mae: 0.0460
train: {'epoch': 34, 'time_epoch': 31.15493, 'eta': 468.64782, 'eta_hours': 0.13018, 'loss': 0.04994694, 'lr': 0.00125, 'params': 43881, 'time_iter': 0.12981, 'mae': 0.04995, 'r2': 0.82231, 'spearmanr': 0.84198, 'mse': 0.17769, 'rmse': 0.42154}
val: {'epoch': 34, 'time_epoch': 3.58733, 'loss': 0.04732756, 'lr': 0, 'params': 43881, 'time_iter': 0.11958, 'mae': 0.04733, 'r2': 0.84643, 'spearmanr': 0.87064, 'mse': 0.1503, 'rmse': 0.38769}
test: {'epoch': 34, 'time_epoch': 3.80325, 'loss': 0.04592035, 'lr': 0, 'params': 43881, 'time_iter': 0.12678, 'mae': 0.04592, 'r2': 0.85775, 'spearmanr': 0.87143, 'mse': 0.14578, 'rmse': 0.38181}
> Epoch 34: took 39.5s (avg 39.5s) | Best so far: epoch 34	train_loss: 0.0499 train_mae: 0.0500	val_loss: 0.0473 val_mae: 0.0473	test_loss: 0.0459 test_mae: 0.0459
train: {'epoch': 35, 'time_epoch': 31.11845, 'eta': 437.35612, 'eta_hours': 0.12149, 'loss': 0.04931164, 'lr': 0.00125, 'params': 43881, 'time_iter': 0.12966, 'mae': 0.04931, 'r2': 0.82619, 'spearmanr': 0.8432, 'mse': 0.17381, 'rmse': 0.41691}
val: {'epoch': 35, 'time_epoch': 3.72005, 'loss': 0.04865147, 'lr': 0, 'params': 43881, 'time_iter': 0.124, 'mae': 0.04865, 'r2': 0.84348, 'spearmanr': 0.87152, 'mse': 0.15319, 'rmse': 0.3914}
test: {'epoch': 35, 'time_epoch': 3.58643, 'loss': 0.0471056, 'lr': 0, 'params': 43881, 'time_iter': 0.11955, 'mae': 0.04711, 'r2': 0.85462, 'spearmanr': 0.8719, 'mse': 0.14898, 'rmse': 0.38598}
> Epoch 35: took 39.4s (avg 39.5s) | Best so far: epoch 34	train_loss: 0.0499 train_mae: 0.0500	val_loss: 0.0473 val_mae: 0.0473	test_loss: 0.0459 test_mae: 0.0459
train: {'epoch': 36, 'time_epoch': 31.02802, 'eta': 406.04201, 'eta_hours': 0.11279, 'loss': 0.04989362, 'lr': 0.00125, 'params': 43881, 'time_iter': 0.12928, 'mae': 0.04989, 'r2': 0.82641, 'spearmanr': 0.841, 'mse': 0.17359, 'rmse': 0.41664}
val: {'epoch': 36, 'time_epoch': 3.67689, 'loss': 0.04896901, 'lr': 0, 'params': 43881, 'time_iter': 0.12256, 'mae': 0.04897, 'r2': 0.84304, 'spearmanr': 0.87065, 'mse': 0.15363, 'rmse': 0.39195}
test: {'epoch': 36, 'time_epoch': 3.59912, 'loss': 0.04738235, 'lr': 0, 'params': 43881, 'time_iter': 0.11997, 'mae': 0.04738, 'r2': 0.85636, 'spearmanr': 0.87086, 'mse': 0.1472, 'rmse': 0.38367}
> Epoch 36: took 39.3s (avg 39.5s) | Best so far: epoch 34	train_loss: 0.0499 train_mae: 0.0500	val_loss: 0.0473 val_mae: 0.0473	test_loss: 0.0459 test_mae: 0.0459
train: {'epoch': 37, 'time_epoch': 31.15493, 'eta': 374.78304, 'eta_hours': 0.10411, 'loss': 0.04930437, 'lr': 0.00125, 'params': 43881, 'time_iter': 0.12981, 'mae': 0.0493, 'r2': 0.82215, 'spearmanr': 0.84377, 'mse': 0.17785, 'rmse': 0.42173}
val: {'epoch': 37, 'time_epoch': 3.61553, 'loss': 0.04824628, 'lr': 0, 'params': 43881, 'time_iter': 0.12052, 'mae': 0.04825, 'r2': 0.84117, 'spearmanr': 0.87139, 'mse': 0.15545, 'rmse': 0.39428}
test: {'epoch': 37, 'time_epoch': 3.59007, 'loss': 0.04668677, 'lr': 0, 'params': 43881, 'time_iter': 0.11967, 'mae': 0.04669, 'r2': 0.85334, 'spearmanr': 0.87117, 'mse': 0.15029, 'rmse': 0.38768}
> Epoch 37: took 39.3s (avg 39.5s) | Best so far: epoch 34	train_loss: 0.0499 train_mae: 0.0500	val_loss: 0.0473 val_mae: 0.0473	test_loss: 0.0459 test_mae: 0.0459
train: {'epoch': 38, 'time_epoch': 31.22146, 'eta': 343.54817, 'eta_hours': 0.09543, 'loss': 0.04854153, 'lr': 0.000625, 'params': 43881, 'time_iter': 0.13009, 'mae': 0.04854, 'r2': 0.82627, 'spearmanr': 0.84503, 'mse': 0.17373, 'rmse': 0.41681}
val: {'epoch': 38, 'time_epoch': 3.61199, 'loss': 0.04634398, 'lr': 0, 'params': 43881, 'time_iter': 0.1204, 'mae': 0.04634, 'r2': 0.84375, 'spearmanr': 0.87394, 'mse': 0.15293, 'rmse': 0.39106}
test: {'epoch': 38, 'time_epoch': 3.63326, 'loss': 0.04478599, 'lr': 0, 'params': 43881, 'time_iter': 0.12111, 'mae': 0.04479, 'r2': 0.85773, 'spearmanr': 0.87428, 'mse': 0.14579, 'rmse': 0.38183}
> Epoch 38: took 39.4s (avg 39.5s) | Best so far: epoch 38	train_loss: 0.0485 train_mae: 0.0485	val_loss: 0.0463 val_mae: 0.0463	test_loss: 0.0448 test_mae: 0.0448
train: {'epoch': 39, 'time_epoch': 31.11887, 'eta': 312.28832, 'eta_hours': 0.08675, 'loss': 0.04828223, 'lr': 0.000625, 'params': 43881, 'time_iter': 0.12966, 'mae': 0.04828, 'r2': 0.82654, 'spearmanr': 0.84546, 'mse': 0.17346, 'rmse': 0.41648}
val: {'epoch': 39, 'time_epoch': 3.57724, 'loss': 0.04669307, 'lr': 0, 'params': 43881, 'time_iter': 0.11924, 'mae': 0.04669, 'r2': 0.8398, 'spearmanr': 0.87398, 'mse': 0.1568, 'rmse': 0.39598}
test: {'epoch': 39, 'time_epoch': 3.68764, 'loss': 0.04486329, 'lr': 0, 'params': 43881, 'time_iter': 0.12292, 'mae': 0.04486, 'r2': 0.85755, 'spearmanr': 0.87441, 'mse': 0.14598, 'rmse': 0.38207}
> Epoch 39: took 39.3s (avg 39.5s) | Best so far: epoch 38	train_loss: 0.0485 train_mae: 0.0485	val_loss: 0.0463 val_mae: 0.0463	test_loss: 0.0448 test_mae: 0.0448
train: {'epoch': 40, 'time_epoch': 31.14306, 'eta': 281.04066, 'eta_hours': 0.07807, 'loss': 0.04805973, 'lr': 0.000625, 'params': 43881, 'time_iter': 0.12976, 'mae': 0.04806, 'r2': 0.82797, 'spearmanr': 0.84579, 'mse': 0.17203, 'rmse': 0.41477}
val: {'epoch': 40, 'time_epoch': 3.76627, 'loss': 0.04753385, 'lr': 0, 'params': 43881, 'time_iter': 0.12554, 'mae': 0.04753, 'r2': 0.83837, 'spearmanr': 0.87455, 'mse': 0.15819, 'rmse': 0.39774}
test: {'epoch': 40, 'time_epoch': 3.59937, 'loss': 0.0460202, 'lr': 0, 'params': 43881, 'time_iter': 0.11998, 'mae': 0.04602, 'r2': 0.85434, 'spearmanr': 0.87463, 'mse': 0.14927, 'rmse': 0.38636}
> Epoch 40: took 39.4s (avg 39.5s) | Best so far: epoch 38	train_loss: 0.0485 train_mae: 0.0485	val_loss: 0.0463 val_mae: 0.0463	test_loss: 0.0448 test_mae: 0.0448
train: {'epoch': 41, 'time_epoch': 31.1414, 'eta': 249.79767, 'eta_hours': 0.06939, 'loss': 0.04826681, 'lr': 0.000625, 'params': 43881, 'time_iter': 0.12976, 'mae': 0.04827, 'r2': 0.82684, 'spearmanr': 0.84589, 'mse': 0.17316, 'rmse': 0.41613}
val: {'epoch': 41, 'time_epoch': 3.67266, 'loss': 0.0476437, 'lr': 0, 'params': 43881, 'time_iter': 0.12242, 'mae': 0.04764, 'r2': 0.84155, 'spearmanr': 0.87348, 'mse': 0.15509, 'rmse': 0.39381}
test: {'epoch': 41, 'time_epoch': 3.61312, 'loss': 0.04603497, 'lr': 0, 'params': 43881, 'time_iter': 0.12044, 'mae': 0.04603, 'r2': 0.85467, 'spearmanr': 0.87364, 'mse': 0.14894, 'rmse': 0.38592}
> Epoch 41: took 39.4s (avg 39.5s) | Best so far: epoch 38	train_loss: 0.0485 train_mae: 0.0485	val_loss: 0.0463 val_mae: 0.0463	test_loss: 0.0448 test_mae: 0.0448
train: {'epoch': 42, 'time_epoch': 31.08875, 'eta': 218.55083, 'eta_hours': 0.06071, 'loss': 0.04777469, 'lr': 0.0003125, 'params': 43881, 'time_iter': 0.12954, 'mae': 0.04777, 'r2': 0.82872, 'spearmanr': 0.84676, 'mse': 0.17128, 'rmse': 0.41386}
val: {'epoch': 42, 'time_epoch': 3.64709, 'loss': 0.04652887, 'lr': 0, 'params': 43881, 'time_iter': 0.12157, 'mae': 0.04653, 'r2': 0.84376, 'spearmanr': 0.87398, 'mse': 0.15293, 'rmse': 0.39106}
test: {'epoch': 42, 'time_epoch': 3.5697, 'loss': 0.04505473, 'lr': 0, 'params': 43881, 'time_iter': 0.11899, 'mae': 0.04505, 'r2': 0.85671, 'spearmanr': 0.87406, 'mse': 0.14684, 'rmse': 0.3832}
> Epoch 42: took 39.2s (avg 39.5s) | Best so far: epoch 38	train_loss: 0.0485 train_mae: 0.0485	val_loss: 0.0463 val_mae: 0.0463	test_loss: 0.0448 test_mae: 0.0448
train: {'epoch': 43, 'time_epoch': 31.09214, 'eta': 187.31163, 'eta_hours': 0.05203, 'loss': 0.04750276, 'lr': 0.0003125, 'params': 43881, 'time_iter': 0.12955, 'mae': 0.0475, 'r2': 0.83163, 'spearmanr': 0.84716, 'mse': 0.16837, 'rmse': 0.41033}
val: {'epoch': 43, 'time_epoch': 3.63823, 'loss': 0.04697097, 'lr': 0, 'params': 43881, 'time_iter': 0.12127, 'mae': 0.04697, 'r2': 0.84437, 'spearmanr': 0.87333, 'mse': 0.15232, 'rmse': 0.39028}
test: {'epoch': 43, 'time_epoch': 3.62662, 'loss': 0.04558404, 'lr': 0, 'params': 43881, 'time_iter': 0.12089, 'mae': 0.04558, 'r2': 0.85666, 'spearmanr': 0.87336, 'mse': 0.14689, 'rmse': 0.38326}
> Epoch 43: took 39.3s (avg 39.5s) | Best so far: epoch 38	train_loss: 0.0485 train_mae: 0.0485	val_loss: 0.0463 val_mae: 0.0463	test_loss: 0.0448 test_mae: 0.0448
train: {'epoch': 44, 'time_epoch': 31.10664, 'eta': 156.08059, 'eta_hours': 0.04336, 'loss': 0.04766528, 'lr': 0.0003125, 'params': 43881, 'time_iter': 0.12961, 'mae': 0.04767, 'r2': 0.82605, 'spearmanr': 0.84742, 'mse': 0.17395, 'rmse': 0.41707}
val: {'epoch': 44, 'time_epoch': 3.61935, 'loss': 0.04550846, 'lr': 0, 'params': 43881, 'time_iter': 0.12065, 'mae': 0.04551, 'r2': 0.84422, 'spearmanr': 0.87479, 'mse': 0.15247, 'rmse': 0.39048}
test: {'epoch': 44, 'time_epoch': 3.78733, 'loss': 0.04407057, 'lr': 0, 'params': 43881, 'time_iter': 0.12624, 'mae': 0.04407, 'r2': 0.85831, 'spearmanr': 0.87518, 'mse': 0.1452, 'rmse': 0.38105}
> Epoch 44: took 39.5s (avg 39.5s) | Best so far: epoch 44	train_loss: 0.0477 train_mae: 0.0477	val_loss: 0.0455 val_mae: 0.0455	test_loss: 0.0441 test_mae: 0.0441
train: {'epoch': 45, 'time_epoch': 31.0823, 'eta': 124.85283, 'eta_hours': 0.03468, 'loss': 0.04749861, 'lr': 0.0003125, 'params': 43881, 'time_iter': 0.12951, 'mae': 0.0475, 'r2': 0.83024, 'spearmanr': 0.84747, 'mse': 0.16976, 'rmse': 0.41202}
val: {'epoch': 45, 'time_epoch': 3.7066, 'loss': 0.04608272, 'lr': 0, 'params': 43881, 'time_iter': 0.12355, 'mae': 0.04608, 'r2': 0.8428, 'spearmanr': 0.87374, 'mse': 0.15386, 'rmse': 0.39225}
test: {'epoch': 45, 'time_epoch': 3.64459, 'loss': 0.04460535, 'lr': 0, 'params': 43881, 'time_iter': 0.12149, 'mae': 0.04461, 'r2': 0.85651, 'spearmanr': 0.87432, 'mse': 0.14705, 'rmse': 0.38347}
> Epoch 45: took 39.4s (avg 39.5s) | Best so far: epoch 44	train_loss: 0.0477 train_mae: 0.0477	val_loss: 0.0455 val_mae: 0.0455	test_loss: 0.0441 test_mae: 0.0441
train: {'epoch': 46, 'time_epoch': 31.08184, 'eta': 93.63124, 'eta_hours': 0.02601, 'loss': 0.04748605, 'lr': 0.0003125, 'params': 43881, 'time_iter': 0.12951, 'mae': 0.04749, 'r2': 0.83155, 'spearmanr': 0.84703, 'mse': 0.16845, 'rmse': 0.41042}
val: {'epoch': 46, 'time_epoch': 3.71066, 'loss': 0.04618693, 'lr': 0, 'params': 43881, 'time_iter': 0.12369, 'mae': 0.04619, 'r2': 0.84499, 'spearmanr': 0.87458, 'mse': 0.15172, 'rmse': 0.38951}
test: {'epoch': 46, 'time_epoch': 3.57602, 'loss': 0.0448726, 'lr': 0, 'params': 43881, 'time_iter': 0.1192, 'mae': 0.04487, 'r2': 0.85678, 'spearmanr': 0.87491, 'mse': 0.14677, 'rmse': 0.3831}
> Epoch 46: took 39.3s (avg 39.5s) | Best so far: epoch 44	train_loss: 0.0477 train_mae: 0.0477	val_loss: 0.0455 val_mae: 0.0455	test_loss: 0.0441 test_mae: 0.0441
train: {'epoch': 47, 'time_epoch': 31.10137, 'eta': 62.41628, 'eta_hours': 0.01734, 'loss': 0.04737763, 'lr': 0.0003125, 'params': 43881, 'time_iter': 0.12959, 'mae': 0.04738, 'r2': 0.83106, 'spearmanr': 0.84733, 'mse': 0.16894, 'rmse': 0.41102}
val: {'epoch': 47, 'time_epoch': 3.60404, 'loss': 0.04673381, 'lr': 0, 'params': 43881, 'time_iter': 0.12013, 'mae': 0.04673, 'r2': 0.84239, 'spearmanr': 0.87357, 'mse': 0.15426, 'rmse': 0.39276}
test: {'epoch': 47, 'time_epoch': 3.5894, 'loss': 0.04528834, 'lr': 0, 'params': 43881, 'time_iter': 0.11965, 'mae': 0.04529, 'r2': 0.85503, 'spearmanr': 0.87396, 'mse': 0.14856, 'rmse': 0.38544}
> Epoch 47: took 39.3s (avg 39.5s) | Best so far: epoch 44	train_loss: 0.0477 train_mae: 0.0477	val_loss: 0.0455 val_mae: 0.0455	test_loss: 0.0441 test_mae: 0.0441
train: {'epoch': 48, 'time_epoch': 31.13493, 'eta': 31.20665, 'eta_hours': 0.00867, 'loss': 0.04729548, 'lr': 0.00015625, 'params': 43881, 'time_iter': 0.12973, 'mae': 0.0473, 'r2': 0.83019, 'spearmanr': 0.84765, 'mse': 0.16981, 'rmse': 0.41208}
val: {'epoch': 48, 'time_epoch': 3.62807, 'loss': 0.04577116, 'lr': 0, 'params': 43881, 'time_iter': 0.12094, 'mae': 0.04577, 'r2': 0.84415, 'spearmanr': 0.87532, 'mse': 0.15254, 'rmse': 0.39057}
test: {'epoch': 48, 'time_epoch': 3.79181, 'loss': 0.044402, 'lr': 0, 'params': 43881, 'time_iter': 0.12639, 'mae': 0.0444, 'r2': 0.85554, 'spearmanr': 0.87566, 'mse': 0.14804, 'rmse': 0.38475}
> Epoch 48: took 39.5s (avg 39.5s) | Best so far: epoch 44	train_loss: 0.0477 train_mae: 0.0477	val_loss: 0.0455 val_mae: 0.0455	test_loss: 0.0441 test_mae: 0.0441
train: {'epoch': 49, 'time_epoch': 31.1372, 'eta': 0.0, 'eta_hours': 0.0, 'loss': 0.04718742, 'lr': 0.00015625, 'params': 43881, 'time_iter': 0.12974, 'mae': 0.04719, 'r2': 0.83147, 'spearmanr': 0.848, 'mse': 0.16853, 'rmse': 0.41052}
val: {'epoch': 49, 'time_epoch': 3.68453, 'loss': 0.04629422, 'lr': 0, 'params': 43881, 'time_iter': 0.12282, 'mae': 0.04629, 'r2': 0.84509, 'spearmanr': 0.8745, 'mse': 0.15162, 'rmse': 0.38939}
test: {'epoch': 49, 'time_epoch': 3.57345, 'loss': 0.04500022, 'lr': 0, 'params': 43881, 'time_iter': 0.11912, 'mae': 0.045, 'r2': 0.85577, 'spearmanr': 0.87477, 'mse': 0.1478, 'rmse': 0.38445}
> Epoch 49: took 46.7s (avg 39.6s) | Best so far: epoch 44	train_loss: 0.0477 train_mae: 0.0477	val_loss: 0.0455 val_mae: 0.0455	test_loss: 0.0441 test_mae: 0.0441
Avg time per epoch: 39.62s
Total train loop time: 0.55h
Task done, results saved in results/custom_simple_gatedgcn_regression/0
Results aggregated across runs saved in results/custom_simple_gatedgcn_regression/agg
[*] All done: 2024-07-12 08:22:55.143802
